This file contains any messages produced by compilers while
running configure, to aid debugging if configure makes a mistake.

It was created by sshfs-fuse configure 2.5, which was
generated by GNU Autoconf 2.69.  Invocation command line was

  $ ./configure 

## --------- ##
## Platform. ##
## --------- ##

hostname = test
uname -m = i86pc
uname -r = 5.11
uname -s = SunOS
uname -v = NexentaStor_5.0.0.23:85d0fae81e:debug

/usr/bin/uname -p = i386
/bin/uname -X     = System = SunOS
Node = test
Release = 5.11
KernelID = NexentaStor_5.0.0.23:85d0fae81e:debug
Machine = i86pc
BusType = <unknown>
Serial = <unknown>
Users = <unknown>
OEM# = 0
Origin# = 1
NumCPU = 1

/bin/arch              = i86pc
/usr/bin/arch -k       = i86pc
/usr/convex/getsysinfo = unknown
/usr/bin/hostinfo      = unknown
/bin/machine           = unknown
/usr/bin/oslevel       = unknown
/bin/universe          = unknown

PATH: /usr/gnu/bin
PATH: /opt/gcc-5.1.0/bin
PATH: /usr/xpg6/bin
PATH: /usr/xpg4/bin
PATH: /usr/bin
PATH: /usr/sbin
PATH: /sbin


## ----------- ##
## Core tests. ##
## ----------- ##

configure:1959: checking for a BSD-compatible install
configure:2027: result: /usr/gnu/bin/install -c
configure:2038: checking whether build environment is sane
configure:2093: result: yes
configure:2244: checking for a thread-safe mkdir -p
configure:2283: result: /usr/gnu/bin/mkdir -p
configure:2290: checking for gawk
configure:2306: found /usr/bin/gawk
configure:2317: result: gawk
configure:2328: checking whether make sets $(MAKE)
configure:2350: result: yes
configure:2482: checking for gcc
configure:2498: found /opt/gcc-5.1.0/bin/gcc
configure:2509: result: gcc
configure:2738: checking for C compiler version
configure:2747: gcc --version >&5
gcc (GCC) 5.1.0
Copyright (C) 2015 Free Software Foundation, Inc.
This is free software; see the source for copying conditions.  There is NO
warranty; not even for MERCHANTABILITY or FITNESS FOR A PARTICULAR PURPOSE.

configure:2758: $? = 0
configure:2747: gcc -v >&5
Using built-in specs.
COLLECT_GCC=gcc
COLLECT_LTO_WRAPPER=/opt/gcc-5.1.0/libexec/gcc/i386-pc-solaris2.11/5.1.0/lto-wrapper
Target: i386-pc-solaris2.11
Configured with: ./configure --prefix=/opt/gcc-5.1.0 --host i386-pc-solaris2.11 --build i386-pc-solaris2.11 --target i386-pc-solaris2.11 --with-boot-ldflags=-R/opt/gcc-5.1.0/lib --with-gmp=/opt/gcc-5.1.0 --with-mpfr=/opt/gcc-5.1.0 --with-mpc=/opt/gcc-5.1.0 --enable-languages=c,c++,fortran,lto --enable-ld=no --with-as=/usr/bin/gas --with-gnu-as --with-build-time-tools=/usr/gnu/i386-pc-solaris2.11/bin
Thread model: posix
gcc version 5.1.0 (GCC) 
configure:2758: $? = 0
configure:2747: gcc -V >&5
gcc: error: unrecognized command line option '-V'
gcc: fatal error: no input files
compilation terminated.
configure:2758: $? = 1
configure:2747: gcc -qversion >&5
gcc: error: unrecognized command line option '-qversion'
gcc: fatal error: no input files
compilation terminated.
configure:2758: $? = 1
configure:2778: checking whether the C compiler works
configure:2800: gcc    conftest.c  >&5
configure:2804: $? = 0
configure:2852: result: yes
configure:2855: checking for C compiler default output file name
configure:2857: result: a.out
configure:2863: checking for suffix of executables
configure:2870: gcc -o conftest    conftest.c  >&5
configure:2874: $? = 0
configure:2896: result: 
configure:2918: checking whether we are cross compiling
configure:2926: gcc -o conftest    conftest.c  >&5
configure:2930: $? = 0
configure:2937: ./conftest
configure:2941: $? = 0
configure:2956: result: no
configure:2961: checking for suffix of object files
configure:2983: gcc -c   conftest.c >&5
configure:2987: $? = 0
configure:3008: result: o
configure:3012: checking whether we are using the GNU C compiler
configure:3031: gcc -c   conftest.c >&5
configure:3031: $? = 0
configure:3040: result: yes
configure:3049: checking whether gcc accepts -g
configure:3069: gcc -c -g  conftest.c >&5
configure:3069: $? = 0
configure:3110: result: yes
configure:3127: checking for gcc option to accept ISO C89
configure:3190: gcc  -c -g -O2  conftest.c >&5
configure:3190: $? = 0
configure:3203: result: none needed
configure:3234: checking for style of include used by make
configure:3262: result: GNU
configure:3288: checking dependency style of gcc
configure:3399: result: gcc3
configure:3415: checking whether gcc and cc understand -c and -o together
configure:3446: gcc -c conftest.c -o conftest2.o >&5
configure:3450: $? = 0
configure:3456: gcc -c conftest.c -o conftest2.o >&5
configure:3460: $? = 0
configure:3471: cc -c conftest.c >&5
./configure[3473]: eval[1]: cc: not found [No such file or directory]
configure:3475: $? = 127
configure:3515: result: yes
configure:3543: checking for library containing dlsym
configure:3574: gcc -o conftest -g -O2 -Wall -W   conftest.c  >&5
configure:3574: $? = 0
configure:3591: result: none required
configure:3610: checking OpenSSH version
configure:3624: result: not found
configure:3699: checking for pkg-config
configure:3717: found /usr/bin/pkg-config
configure:3729: result: /usr/bin/pkg-config
configure:3754: checking pkg-config is at least version 0.9.0
configure:3757: result: yes
configure:3767: checking for SSHFS
configure:3774: $PKG_CONFIG --exists --print-errors "fuse >= 2.3 glib-2.0 gthread-2.0"
configure:3777: $? = 0
configure:3791: $PKG_CONFIG --exists --print-errors "fuse >= 2.3 glib-2.0 gthread-2.0"
configure:3794: $? = 0
configure:3852: result: yes
configure:3859: checking for fuse_opt_parse
configure:3859: gcc -o conftest -g -O2 -Wall -W   conftest.c  -lfuse -lxnet -lgthread-2.0 -lc -L/usr/lib -lglib-2.0   >&5
configure:3859: $? = 0
configure:3859: result: yes
configure:3988: checking that generated files are newer than configure
configure:3994: result: done
configure:4025: creating ./config.status

## ---------------------- ##
## Running config.status. ##
## ---------------------- ##

This file was extended by sshfs-fuse config.status 2.5, which was
generated by GNU Autoconf 2.69.  Invocation command line was

  CONFIG_FILES    = 
  CONFIG_HEADERS  = 
  CONFIG_LINKS    = 
  CONFIG_COMMANDS = 
  $ ./config.status 

on test

config.status:845: creating Makefile
config.status:845: creating config.h
config.status:1074: executing depfiles commands

## ---------------- ##
## Cache variables. ##
## ---------------- ##

ac_cv_c_compiler_gnu=yes
ac_cv_env_CC_set=''
ac_cv_env_CC_value=''
ac_cv_env_CFLAGS_set=''
ac_cv_env_CFLAGS_value=''
ac_cv_env_CPPFLAGS_set=''
ac_cv_env_CPPFLAGS_value=''
ac_cv_env_LDFLAGS_set=''
ac_cv_env_LDFLAGS_value=''
ac_cv_env_LIBS_set=''
ac_cv_env_LIBS_value=''
ac_cv_env_PKG_CONFIG_LIBDIR_set=''
ac_cv_env_PKG_CONFIG_LIBDIR_value=''
ac_cv_env_PKG_CONFIG_PATH_set=set
ac_cv_env_PKG_CONFIG_PATH_value=/usr/lib/pkgconfig/
ac_cv_env_PKG_CONFIG_set=''
ac_cv_env_PKG_CONFIG_value=''
ac_cv_env_SSHFS_CFLAGS_set=''
ac_cv_env_SSHFS_CFLAGS_value=''
ac_cv_env_SSHFS_LIBS_set=''
ac_cv_env_SSHFS_LIBS_value=''
ac_cv_env_build_alias_set=''
ac_cv_env_build_alias_value=''
ac_cv_env_host_alias_set=''
ac_cv_env_host_alias_value=''
ac_cv_env_target_alias_set=''
ac_cv_env_target_alias_value=''
ac_cv_func_fuse_opt_parse=yes
ac_cv_objext=o
ac_cv_path_ac_pt_PKG_CONFIG=/usr/bin/pkg-config
ac_cv_path_install='/usr/gnu/bin/install -c'
ac_cv_path_mkdir=/usr/gnu/bin/mkdir
ac_cv_prog_AWK=gawk
ac_cv_prog_ac_ct_CC=gcc
ac_cv_prog_cc_c89=''
ac_cv_prog_cc_g=yes
ac_cv_prog_cc_gcc_c_o=yes
ac_cv_prog_make_make_set=yes
ac_cv_search_dlsym='none required'
am_cv_CC_dependencies_compiler_type=gcc3
pkg_cv_SSHFS_CFLAGS='-I/usr/include/fuse -D_FILE_OFFSET_BITS=64 -D_REENTRANT -D_PTHREADS -I/usr/include/glib-2.0 -I/usr/lib/glib-2.0/include  '
pkg_cv_SSHFS_LIBS='-lfuse -lxnet -lgthread-2.0 -lc -L/usr/lib -lglib-2.0  '

## ----------------- ##
## Output variables. ##
## ----------------- ##

ACLOCAL='${SHELL} /opt/a/sshfs-fuse-2.5/missing --run aclocal-1.12'
AMDEPBACKSLASH='\'
AMDEP_FALSE='#'
AMDEP_TRUE=''
AMTAR='$${TAR-tar}'
AUTOCONF='${SHELL} /opt/a/sshfs-fuse-2.5/missing --run autoconf'
AUTOHEADER='${SHELL} /opt/a/sshfs-fuse-2.5/missing --run autoheader'
AUTOMAKE='${SHELL} /opt/a/sshfs-fuse-2.5/missing --run automake-1.12'
AWK='gawk'
CC='gcc'
CCDEPMODE='depmode=gcc3'
CFLAGS='-g -O2 -Wall -W'
CPPFLAGS=''
CYGPATH_W='echo'
DEFS='-DHAVE_CONFIG_H'
DEPDIR='.deps'
ECHO_C='\c'
ECHO_N=''
ECHO_T=''
EXEEXT=''
FUSE_OPT_COMPAT_FALSE=''
FUSE_OPT_COMPAT_TRUE='#'
INSTALL_DATA='${INSTALL} -m 644'
INSTALL_PROGRAM='${INSTALL}'
INSTALL_SCRIPT='${INSTALL}'
INSTALL_STRIP_PROGRAM='$(install_sh) -c -s'
LDFLAGS=''
LIBOBJS=''
LIBS=''
LTLIBOBJS=''
MAKEINFO='${SHELL} /opt/a/sshfs-fuse-2.5/missing --run makeinfo'
MKDIR_P='/usr/gnu/bin/mkdir -p'
OBJEXT='o'
PACKAGE='sshfs-fuse'
PACKAGE_BUGREPORT=''
PACKAGE_NAME='sshfs-fuse'
PACKAGE_STRING='sshfs-fuse 2.5'
PACKAGE_TARNAME='sshfs-fuse'
PACKAGE_URL=''
PACKAGE_VERSION='2.5'
PATH_SEPARATOR=':'
PKG_CONFIG='/usr/bin/pkg-config'
PKG_CONFIG_LIBDIR=''
PKG_CONFIG_PATH='/usr/local/lib/pkgconfig:/usr/lib/pkgconfig/'
SET_MAKE=''
SHELL='/bin/sh'
SSHFS_CFLAGS='-I/usr/include/fuse -D_FILE_OFFSET_BITS=64 -D_REENTRANT -D_PTHREADS -I/usr/include/glib-2.0 -I/usr/lib/glib-2.0/include  '
SSHFS_LIBS='-lfuse -lxnet -lgthread-2.0 -lc -L/usr/lib -lglib-2.0  '
SSH_NODELAY_SO_FALSE=''
SSH_NODELAY_SO_TRUE='#'
STRIP=''
VERSION='2.5'
ac_ct_CC='gcc'
am__EXEEXT_FALSE=''
am__EXEEXT_TRUE='#'
am__fastdepCC_FALSE='#'
am__fastdepCC_TRUE=''
am__include='include'
am__isrc=''
am__leading_dot='.'
am__nodep='_no'
am__quote=''
am__tar='$${TAR-tar} chof - "$$tardir"'
am__untar='$${TAR-tar} xf -'
bindir='${exec_prefix}/bin'
build_alias=''
datadir='${datarootdir}'
datarootdir='${prefix}/share'
docdir='${datarootdir}/doc/${PACKAGE_TARNAME}'
dvidir='${docdir}'
exec_prefix='${prefix}'
host_alias=''
htmldir='${docdir}'
includedir='${prefix}/include'
infodir='${datarootdir}/info'
install_sh='${SHELL} /opt/a/sshfs-fuse-2.5/install-sh'
libdir='${exec_prefix}/lib'
libexecdir='${exec_prefix}/libexec'
localedir='${datarootdir}/locale'
localstatedir='${prefix}/var'
mandir='${datarootdir}/man'
mkdir_p='/usr/gnu/bin/mkdir -p'
oldincludedir='/usr/include'
pdfdir='${docdir}'
prefix='/usr/local'
program_transform_name='s,x,x,'
psdir='${docdir}'
sbindir='${exec_prefix}/sbin'
sharedstatedir='${prefix}/com'
sshnodelay_libs=''
sysconfdir='${prefix}/etc'
target_alias=''

## ----------- ##
## confdefs.h. ##
## ----------- ##

/* confdefs.h */
#define PACKAGE_NAME "sshfs-fuse"
#define PACKAGE_TARNAME "sshfs-fuse"
#define PACKAGE_VERSION "2.5"
#define PACKAGE_STRING "sshfs-fuse 2.5"
#define PACKAGE_BUGREPORT ""
#define PACKAGE_URL ""
#define PACKAGE "sshfs-fuse"
#define VERSION "2.5"

configure: exit 0
